[ 2025-12-20 19:42:33,664 ] 36 root - INFO - FeatureTypeInference initialized with 1025 rows, 14 columns
[ 2025-12-20 19:42:33,679 ] 53 root - INFO - Feature type inference complete. Classified 13 features
[ 2025-12-20 19:42:33,805 ] 49 root - INFO - IssueDetector initialized for dataset with 1025 rows, 14 columns
[ 2025-12-20 19:42:33,806 ] 36 root - INFO - FeatureTypeInference initialized with 1025 rows, 14 columns
[ 2025-12-20 19:42:33,822 ] 53 root - INFO - Feature type inference complete. Classified 13 features
[ 2025-12-20 19:42:33,822 ] 54 root - INFO - Feature types inferred: 13 features classified
[ 2025-12-20 19:42:33,822 ] 34 root - INFO - OutlierDetector initialized with 1025 rows
[ 2025-12-20 19:42:33,822 ] 186 root - INFO - ConstantFeatureDetector initialized (threshold=0.99)
[ 2025-12-20 19:42:33,823 ] 69 root - INFO - Starting comprehensive issue detection...
[ 2025-12-20 19:42:33,823 ] 83 root - INFO - Detecting missing values...
[ 2025-12-20 19:42:33,824 ] 142 root - INFO - No missing values detected
[ 2025-12-20 19:42:33,824 ] 147 root - INFO - Detecting outliers (continuous_numeric features only)...
[ 2025-12-20 19:42:33,826 ] 136 root - INFO - Outlier detection for 'age': 0 outliers (0.00%), severity=low
[ 2025-12-20 19:42:33,827 ] 136 root - INFO - Outlier detection for 'trestbps': 30 outliers (2.93%), severity=medium
[ 2025-12-20 19:42:33,829 ] 136 root - INFO - Outlier detection for 'chol': 16 outliers (1.56%), severity=medium
[ 2025-12-20 19:42:33,832 ] 136 root - INFO - Outlier detection for 'thalach': 4 outliers (0.39%), severity=low
[ 2025-12-20 19:42:33,837 ] 136 root - INFO - Outlier detection for 'oldpeak': 7 outliers (0.68%), severity=low
[ 2025-12-20 19:42:33,837 ] 161 root - INFO - Detected outliers in 4 columns
[ 2025-12-20 19:42:33,837 ] 194 root - INFO - Detected outliers in 4 columns
[ 2025-12-20 19:42:33,838 ] 299 root - INFO - Detecting constant/near-constant features...
[ 2025-12-20 19:42:33,841 ] 266 root - INFO - Detected 0 constant/near-constant features
[ 2025-12-20 19:42:33,841 ] 338 root - INFO - No constant/near-constant features detected
[ 2025-12-20 19:42:33,842 ] 203 root - INFO - Checking for class imbalance...
[ 2025-12-20 19:42:33,842 ] 246 root - INFO - Classes are balanced (imbalance ratio: 1.05:1)
[ 2025-12-20 19:42:33,842 ] 251 root - INFO - Detecting high cardinality features...
[ 2025-12-20 19:42:33,842 ] 294 root - INFO - No high cardinality features detected
[ 2025-12-20 19:42:33,842 ] 77 root - INFO - Issue detection complete. Found 4 issues
[ 2025-12-20 19:42:33,843 ] 36 root - INFO - FeatureTypeInference initialized with 1025 rows, 14 columns
[ 2025-12-20 19:42:33,855 ] 53 root - INFO - Feature type inference complete. Classified 13 features
[ 2025-12-20 19:42:33,856 ] 42 root - INFO - PreprocessingApplicator initialized with 1025 rows, 14 columns
[ 2025-12-20 19:42:33,856 ] 181 root - INFO - Applying outlier handling...
[ 2025-12-20 19:42:33,857 ] 254 root - INFO - Capped 30 outliers in 'trestbps'
[ 2025-12-20 19:42:33,858 ] 254 root - INFO - Capped 16 outliers in 'chol'
[ 2025-12-20 19:42:33,859 ] 254 root - INFO - Capped 4 outliers in 'thalach'
[ 2025-12-20 19:42:33,861 ] 254 root - INFO - Capped 7 outliers in 'oldpeak'
[ 2025-12-20 19:42:33,861 ] 332 root - INFO - Applying class imbalance handling: no action...
[ 2025-12-20 19:42:33,865 ] 72 root - INFO - Categorical columns: []
[ 2025-12-20 19:42:33,865 ] 73 root - INFO - Numerical columns: ['age', 'sex', 'cp', 'trestbps', 'chol', 'fbs', 'restecg', 'thalach', 'exang', 'oldpeak', 'slope', 'ca', 'thal']
[ 2025-12-20 19:42:33,881 ] 36 root - INFO - FeatureTypeInference initialized with 1025 rows, 14 columns
[ 2025-12-20 19:42:33,894 ] 53 root - INFO - Feature type inference complete. Classified 13 features
[ 2025-12-20 19:42:33,894 ] 42 root - INFO - PreprocessingApplicator initialized with 1025 rows, 14 columns
[ 2025-12-20 19:42:33,894 ] 181 root - INFO - Applying outlier handling...
[ 2025-12-20 19:42:33,895 ] 254 root - INFO - Capped 30 outliers in 'trestbps'
[ 2025-12-20 19:42:33,896 ] 254 root - INFO - Capped 16 outliers in 'chol'
[ 2025-12-20 19:42:33,897 ] 254 root - INFO - Capped 4 outliers in 'thalach'
[ 2025-12-20 19:42:33,898 ] 254 root - INFO - Capped 7 outliers in 'oldpeak'
[ 2025-12-20 19:42:33,898 ] 332 root - INFO - Applying class imbalance handling: no action...
[ 2025-12-20 19:42:33,903 ] 72 root - INFO - Categorical columns: []
[ 2025-12-20 19:42:33,903 ] 73 root - INFO - Numerical columns: ['age', 'sex', 'cp', 'trestbps', 'chol', 'fbs', 'restecg', 'thalach', 'exang', 'oldpeak', 'slope', 'ca', 'thal']
[ 2025-12-20 19:42:34,007 ] 36 root - INFO - FeatureTypeInference initialized with 1025 rows, 14 columns
[ 2025-12-20 19:42:34,023 ] 53 root - INFO - Feature type inference complete. Classified 13 features
[ 2025-12-20 19:42:34,024 ] 42 root - INFO - PreprocessingApplicator initialized with 1025 rows, 14 columns
[ 2025-12-20 19:42:34,024 ] 332 root - INFO - Applying class imbalance handling: no action...
[ 2025-12-20 19:42:34,027 ] 72 root - INFO - Categorical columns: []
[ 2025-12-20 19:42:34,027 ] 73 root - INFO - Numerical columns: ['age', 'sex', 'cp', 'trestbps', 'chol', 'fbs', 'restecg', 'thalach', 'exang', 'oldpeak', 'slope', 'ca', 'thal']
[ 2025-12-20 19:42:34,041 ] 37 root - INFO - Split training and test input data
[ 2025-12-20 19:42:39,132 ] 91 root - INFO - Search params for Random Forest: {'n_estimators': 64, 'max_depth': None}
[ 2025-12-20 19:42:39,153 ] 127 root - INFO - Random Forest - Acc: 1.0000, Prec: 1.0000, Rec: 1.0000, F1: 1.0000, Time: 5.09s
[ 2025-12-20 19:42:39,220 ] 91 root - INFO - Search params for Decision Tree: {'max_depth': None, 'criterion': 'entropy'}
[ 2025-12-20 19:42:39,231 ] 127 root - INFO - Decision Tree - Acc: 1.0000, Prec: 1.0000, Rec: 1.0000, F1: 1.0000, Time: 0.07s
[ 2025-12-20 19:42:39,276 ] 91 root - INFO - Search params for Logistic Regression: {'solver': 'lbfgs', 'penalty': 'l2', 'C': 0.5}
[ 2025-12-20 19:42:39,285 ] 127 root - INFO - Logistic Regression - Acc: 0.8098, Prec: 0.7619, Rec: 0.9143, F1: 0.8312, Time: 0.05s
[ 2025-12-20 19:42:40,804 ] 91 root - INFO - Search params for AdaBoost Classifier: {'n_estimators': 128, 'learning_rate': 1.0}
[ 2025-12-20 19:42:40,836 ] 127 root - INFO - AdaBoost Classifier - Acc: 0.9171, Prec: 0.9074, Rec: 0.9333, F1: 0.9202, Time: 1.52s
[ 2025-12-20 19:42:40,949 ] 91 root - INFO - Search params for K-Nearest Neighbors: {'n_neighbors': 3, 'metric': 'manhattan'}
[ 2025-12-20 19:42:40,998 ] 127 root - INFO - K-Nearest Neighbors - Acc: 0.9463, Prec: 0.9352, Rec: 0.9619, F1: 0.9484, Time: 0.11s
[ 2025-12-20 19:42:41,022 ] 127 root - INFO - Naive Bayes - Acc: 0.8293, Prec: 0.8070, Rec: 0.8762, F1: 0.8402, Time: 0.00s
[ 2025-12-20 19:42:41,522 ] 91 root - INFO - Search params for Support Vector Machine: {'kernel': 'rbf', 'C': 2.0}
[ 2025-12-20 19:42:41,548 ] 127 root - INFO - Support Vector Machine - Acc: 0.9561, Prec: 0.9444, Rec: 0.9714, F1: 0.9577, Time: 0.50s
[ 2025-12-20 19:42:41,570 ] 113 root - WARNING - OneR Classifier lacks predict_proba; ROC-AUC skipped
[ 2025-12-20 19:42:41,570 ] 127 root - INFO - OneR Classifier - Acc: 0.7073, Prec: 0.7103, Rec: 0.7238, F1: 0.7170, Time: 0.01s
[ 2025-12-20 19:42:41,570 ] 108 root - INFO - Best found model: Random Forest
[ 2025-12-20 19:42:41,589 ] 36 root - INFO - FeatureTypeInference initialized with 1025 rows, 14 columns
[ 2025-12-20 19:42:41,610 ] 53 root - INFO - Feature type inference complete. Classified 13 features
[ 2025-12-20 19:42:41,610 ] 42 root - INFO - PreprocessingApplicator initialized with 1025 rows, 14 columns
[ 2025-12-20 19:42:41,611 ] 332 root - INFO - Applying class imbalance handling: no action...
[ 2025-12-20 19:42:41,616 ] 72 root - INFO - Categorical columns: []
[ 2025-12-20 19:42:41,616 ] 73 root - INFO - Numerical columns: ['age', 'sex', 'cp', 'trestbps', 'chol', 'fbs', 'restecg', 'thalach', 'exang', 'oldpeak', 'slope', 'ca', 'thal']
