[ 2025-12-20 19:41:46,464 ] 36 root - INFO - FeatureTypeInference initialized with 1025 rows, 14 columns
[ 2025-12-20 19:41:46,481 ] 53 root - INFO - Feature type inference complete. Classified 13 features
[ 2025-12-20 19:41:46,648 ] 49 root - INFO - IssueDetector initialized for dataset with 1025 rows, 14 columns
[ 2025-12-20 19:41:46,648 ] 36 root - INFO - FeatureTypeInference initialized with 1025 rows, 14 columns
[ 2025-12-20 19:41:46,665 ] 53 root - INFO - Feature type inference complete. Classified 13 features
[ 2025-12-20 19:41:46,665 ] 54 root - INFO - Feature types inferred: 13 features classified
[ 2025-12-20 19:41:46,665 ] 34 root - INFO - OutlierDetector initialized with 1025 rows
[ 2025-12-20 19:41:46,666 ] 186 root - INFO - ConstantFeatureDetector initialized (threshold=0.99)
[ 2025-12-20 19:41:46,666 ] 69 root - INFO - Starting comprehensive issue detection...
[ 2025-12-20 19:41:46,666 ] 83 root - INFO - Detecting missing values...
[ 2025-12-20 19:41:46,668 ] 142 root - INFO - No missing values detected
[ 2025-12-20 19:41:46,668 ] 147 root - INFO - Detecting outliers (continuous_numeric features only)...
[ 2025-12-20 19:41:46,672 ] 136 root - INFO - Outlier detection for 'age': 0 outliers (0.00%), severity=low
[ 2025-12-20 19:41:46,674 ] 136 root - INFO - Outlier detection for 'trestbps': 30 outliers (2.93%), severity=medium
[ 2025-12-20 19:41:46,677 ] 136 root - INFO - Outlier detection for 'chol': 16 outliers (1.56%), severity=medium
[ 2025-12-20 19:41:46,681 ] 136 root - INFO - Outlier detection for 'thalach': 4 outliers (0.39%), severity=low
[ 2025-12-20 19:41:46,684 ] 136 root - INFO - Outlier detection for 'oldpeak': 7 outliers (0.68%), severity=low
[ 2025-12-20 19:41:46,684 ] 161 root - INFO - Detected outliers in 4 columns
[ 2025-12-20 19:41:46,685 ] 194 root - INFO - Detected outliers in 4 columns
[ 2025-12-20 19:41:46,685 ] 299 root - INFO - Detecting constant/near-constant features...
[ 2025-12-20 19:41:46,690 ] 266 root - INFO - Detected 0 constant/near-constant features
[ 2025-12-20 19:41:46,690 ] 338 root - INFO - No constant/near-constant features detected
[ 2025-12-20 19:41:46,691 ] 203 root - INFO - Checking for class imbalance...
[ 2025-12-20 19:41:46,692 ] 246 root - INFO - Classes are balanced (imbalance ratio: 1.05:1)
[ 2025-12-20 19:41:46,692 ] 251 root - INFO - Detecting high cardinality features...
[ 2025-12-20 19:41:46,692 ] 294 root - INFO - No high cardinality features detected
[ 2025-12-20 19:41:46,692 ] 77 root - INFO - Issue detection complete. Found 4 issues
[ 2025-12-20 19:41:46,693 ] 36 root - INFO - FeatureTypeInference initialized with 1025 rows, 14 columns
[ 2025-12-20 19:41:46,721 ] 53 root - INFO - Feature type inference complete. Classified 13 features
[ 2025-12-20 19:41:46,722 ] 42 root - INFO - PreprocessingApplicator initialized with 1025 rows, 14 columns
[ 2025-12-20 19:41:46,722 ] 181 root - INFO - Applying outlier handling...
[ 2025-12-20 19:41:46,724 ] 254 root - INFO - Capped 30 outliers in 'trestbps'
[ 2025-12-20 19:41:46,727 ] 254 root - INFO - Capped 16 outliers in 'chol'
[ 2025-12-20 19:41:46,728 ] 254 root - INFO - Capped 4 outliers in 'thalach'
[ 2025-12-20 19:41:46,730 ] 254 root - INFO - Capped 7 outliers in 'oldpeak'
[ 2025-12-20 19:41:46,731 ] 332 root - INFO - Applying class imbalance handling: no action...
[ 2025-12-20 19:41:46,738 ] 72 root - INFO - Categorical columns: []
[ 2025-12-20 19:41:46,738 ] 73 root - INFO - Numerical columns: ['age', 'sex', 'cp', 'trestbps', 'chol', 'fbs', 'restecg', 'thalach', 'exang', 'oldpeak', 'slope', 'ca', 'thal']
[ 2025-12-20 19:41:46,760 ] 36 root - INFO - FeatureTypeInference initialized with 1025 rows, 14 columns
[ 2025-12-20 19:41:46,790 ] 53 root - INFO - Feature type inference complete. Classified 13 features
[ 2025-12-20 19:41:46,791 ] 42 root - INFO - PreprocessingApplicator initialized with 1025 rows, 14 columns
[ 2025-12-20 19:41:46,791 ] 181 root - INFO - Applying outlier handling...
[ 2025-12-20 19:41:46,795 ] 254 root - INFO - Capped 30 outliers in 'trestbps'
[ 2025-12-20 19:41:46,799 ] 254 root - INFO - Capped 16 outliers in 'chol'
[ 2025-12-20 19:41:46,803 ] 254 root - INFO - Capped 4 outliers in 'thalach'
[ 2025-12-20 19:41:46,807 ] 254 root - INFO - Capped 7 outliers in 'oldpeak'
[ 2025-12-20 19:41:46,807 ] 332 root - INFO - Applying class imbalance handling: no action...
[ 2025-12-20 19:41:46,813 ] 72 root - INFO - Categorical columns: []
[ 2025-12-20 19:41:46,813 ] 73 root - INFO - Numerical columns: ['age', 'sex', 'cp', 'trestbps', 'chol', 'fbs', 'restecg', 'thalach', 'exang', 'oldpeak', 'slope', 'ca', 'thal']
[ 2025-12-20 19:41:46,928 ] 36 root - INFO - FeatureTypeInference initialized with 1025 rows, 14 columns
[ 2025-12-20 19:41:46,938 ] 53 root - INFO - Feature type inference complete. Classified 13 features
[ 2025-12-20 19:41:46,939 ] 42 root - INFO - PreprocessingApplicator initialized with 1025 rows, 14 columns
[ 2025-12-20 19:41:46,939 ] 332 root - INFO - Applying class imbalance handling: no action...
[ 2025-12-20 19:41:46,941 ] 72 root - INFO - Categorical columns: []
[ 2025-12-20 19:41:46,941 ] 73 root - INFO - Numerical columns: ['age', 'sex', 'cp', 'trestbps', 'chol', 'fbs', 'restecg', 'thalach', 'exang', 'oldpeak', 'slope', 'ca', 'thal']
[ 2025-12-20 19:41:46,950 ] 37 root - INFO - Split training and test input data
[ 2025-12-20 19:41:53,525 ] 91 root - INFO - Search params for Random Forest: {'n_estimators': 32, 'max_depth': None}
[ 2025-12-20 19:41:53,543 ] 127 root - INFO - Random Forest - Acc: 1.0000, Prec: 1.0000, Rec: 1.0000, F1: 1.0000, Time: 6.58s
[ 2025-12-20 19:41:53,637 ] 91 root - INFO - Search params for Decision Tree: {'max_depth': None, 'criterion': 'gini'}
[ 2025-12-20 19:41:53,661 ] 127 root - INFO - Decision Tree - Acc: 0.9854, Prec: 1.0000, Rec: 0.9714, F1: 0.9855, Time: 0.09s
[ 2025-12-20 19:41:53,757 ] 91 root - INFO - Search params for Logistic Regression: {'solver': 'lbfgs', 'penalty': 'l2', 'C': 0.5}
[ 2025-12-20 19:41:53,778 ] 127 root - INFO - Logistic Regression - Acc: 0.8098, Prec: 0.7619, Rec: 0.9143, F1: 0.8312, Time: 0.10s
[ 2025-12-20 19:41:56,062 ] 91 root - INFO - Search params for AdaBoost Classifier: {'n_estimators': 128, 'learning_rate': 1.0}
[ 2025-12-20 19:41:56,093 ] 127 root - INFO - AdaBoost Classifier - Acc: 0.9171, Prec: 0.9074, Rec: 0.9333, F1: 0.9202, Time: 2.28s
[ 2025-12-20 19:41:56,306 ] 91 root - INFO - Search params for K-Nearest Neighbors: {'n_neighbors': 3, 'metric': 'manhattan'}
[ 2025-12-20 19:41:56,326 ] 127 root - INFO - K-Nearest Neighbors - Acc: 0.9463, Prec: 0.9352, Rec: 0.9619, F1: 0.9484, Time: 0.21s
[ 2025-12-20 19:41:56,335 ] 127 root - INFO - Naive Bayes - Acc: 0.8293, Prec: 0.8070, Rec: 0.8762, F1: 0.8402, Time: 0.00s
[ 2025-12-20 19:41:56,902 ] 91 root - INFO - Search params for Support Vector Machine: {'kernel': 'rbf', 'C': 2.0}
[ 2025-12-20 19:41:56,923 ] 127 root - INFO - Support Vector Machine - Acc: 0.9561, Prec: 0.9444, Rec: 0.9714, F1: 0.9577, Time: 0.57s
[ 2025-12-20 19:41:56,939 ] 113 root - WARNING - OneR Classifier lacks predict_proba; ROC-AUC skipped
[ 2025-12-20 19:41:56,940 ] 127 root - INFO - OneR Classifier - Acc: 0.7073, Prec: 0.7103, Rec: 0.7238, F1: 0.7170, Time: 0.01s
[ 2025-12-20 19:41:56,940 ] 108 root - INFO - Best found model: Random Forest
[ 2025-12-20 19:41:56,954 ] 36 root - INFO - FeatureTypeInference initialized with 1025 rows, 14 columns
[ 2025-12-20 19:41:56,966 ] 53 root - INFO - Feature type inference complete. Classified 13 features
[ 2025-12-20 19:41:56,966 ] 42 root - INFO - PreprocessingApplicator initialized with 1025 rows, 14 columns
[ 2025-12-20 19:41:56,967 ] 332 root - INFO - Applying class imbalance handling: no action...
[ 2025-12-20 19:41:56,971 ] 72 root - INFO - Categorical columns: []
[ 2025-12-20 19:41:56,971 ] 73 root - INFO - Numerical columns: ['age', 'sex', 'cp', 'trestbps', 'chol', 'fbs', 'restecg', 'thalach', 'exang', 'oldpeak', 'slope', 'ca', 'thal']
