[ 2025-12-20 20:05:57,370 ] 14 visions.backends - INFO - Pandas backend loaded 2.3.3
[ 2025-12-20 20:05:57,382 ] 25 visions.backends - INFO - Numpy backend loaded 2.3.5
[ 2025-12-20 20:05:57,383 ] 37 visions.backends - INFO - Pyspark backend NOT loaded
[ 2025-12-20 20:05:57,383 ] 43 visions.backends - INFO - Python backend loaded
[ 2025-12-20 20:05:59,103 ] 36 root - INFO - FeatureTypeInference initialized with 1025 rows, 14 columns
[ 2025-12-20 20:05:59,119 ] 53 root - INFO - Feature type inference complete. Classified 13 features
[ 2025-12-20 20:05:59,119 ] 49 root - INFO - IssueDetector initialized for dataset with 1025 rows, 14 columns
[ 2025-12-20 20:05:59,119 ] 36 root - INFO - FeatureTypeInference initialized with 1025 rows, 14 columns
[ 2025-12-20 20:05:59,163 ] 53 root - INFO - Feature type inference complete. Classified 13 features
[ 2025-12-20 20:05:59,163 ] 54 root - INFO - Feature types inferred: 13 features classified
[ 2025-12-20 20:05:59,163 ] 34 root - INFO - OutlierDetector initialized with 1025 rows
[ 2025-12-20 20:05:59,163 ] 186 root - INFO - ConstantFeatureDetector initialized (threshold=0.99)
[ 2025-12-20 20:05:59,163 ] 69 root - INFO - Starting comprehensive issue detection...
[ 2025-12-20 20:05:59,163 ] 83 root - INFO - Detecting missing values...
[ 2025-12-20 20:05:59,164 ] 142 root - INFO - No missing values detected
[ 2025-12-20 20:05:59,164 ] 147 root - INFO - Detecting outliers (continuous_numeric features only)...
[ 2025-12-20 20:05:59,166 ] 136 root - INFO - Outlier detection for 'age': 0 outliers (0.00%), severity=low
[ 2025-12-20 20:05:59,167 ] 136 root - INFO - Outlier detection for 'trestbps': 30 outliers (2.93%), severity=medium
[ 2025-12-20 20:05:59,169 ] 136 root - INFO - Outlier detection for 'chol': 16 outliers (1.56%), severity=medium
[ 2025-12-20 20:05:59,171 ] 136 root - INFO - Outlier detection for 'thalach': 4 outliers (0.39%), severity=low
[ 2025-12-20 20:05:59,173 ] 136 root - INFO - Outlier detection for 'oldpeak': 7 outliers (0.68%), severity=low
[ 2025-12-20 20:05:59,173 ] 161 root - INFO - Detected outliers in 4 columns
[ 2025-12-20 20:05:59,173 ] 194 root - INFO - Detected outliers in 4 columns
[ 2025-12-20 20:05:59,173 ] 299 root - INFO - Detecting constant/near-constant features...
[ 2025-12-20 20:05:59,176 ] 266 root - INFO - Detected 0 constant/near-constant features
[ 2025-12-20 20:05:59,176 ] 338 root - INFO - No constant/near-constant features detected
[ 2025-12-20 20:05:59,176 ] 203 root - INFO - Checking for class imbalance...
[ 2025-12-20 20:05:59,176 ] 246 root - INFO - Classes are balanced (imbalance ratio: 1.05:1)
[ 2025-12-20 20:05:59,176 ] 251 root - INFO - Detecting high cardinality features...
[ 2025-12-20 20:05:59,176 ] 294 root - INFO - No high cardinality features detected
[ 2025-12-20 20:05:59,177 ] 77 root - INFO - Issue detection complete. Found 4 issues
