[ 2025-12-21 01:50:23,274 ] 36 root - INFO - FeatureTypeInference initialized with 32561 rows, 15 columns
[ 2025-12-21 01:50:23,341 ] 53 root - INFO - Feature type inference complete. Classified 14 features
[ 2025-12-21 01:50:23,345 ] 36 root - INFO - FeatureTypeInference initialized with 32561 rows, 15 columns
[ 2025-12-21 01:50:23,402 ] 53 root - INFO - Feature type inference complete. Classified 14 features
[ 2025-12-21 01:50:23,408 ] 42 root - INFO - PreprocessingApplicator initialized with 32561 rows, 15 columns
[ 2025-12-21 01:50:23,408 ] 55 root - INFO - Applying missing value imputation...
[ 2025-12-21 01:50:23,421 ] 142 root - INFO - Imputed 1836 missing values in 'Workclass' with mode= Private
[ 2025-12-21 01:50:23,428 ] 142 root - INFO - Imputed 1843 missing values in 'Occupation' with mode= Prof-specialty
[ 2025-12-21 01:50:23,434 ] 142 root - INFO - Imputed 583 missing values in 'Country' with mode= United-States
[ 2025-12-21 01:50:23,435 ] 337 root - INFO - Applying class imbalance handling: class_weights...
[ 2025-12-21 01:50:23,439 ] 353 root - INFO - Class weights will be applied during model training: {' <=50K': 24720, ' >50K': 7841}
[ 2025-12-21 01:50:23,479 ] 73 root - INFO - Categorical columns: ['Workclass', 'Education', 'Martial_Status', 'Occupation', 'Relationship', 'Race', 'Sex', 'Country']
[ 2025-12-21 01:50:23,480 ] 74 root - INFO - Numerical columns: ['Age', 'fnlwgt', 'Education_Num', 'Capital_Gain', 'Capital_Loss', 'Hours_per_week']
[ 2025-12-21 01:50:23,487 ] 130 root - INFO - Target column is categorical with values: [' >50K' ' <=50K']
[ 2025-12-21 01:50:23,487 ] 131 root - INFO - Encoding categorical target using LabelEncoder
[ 2025-12-21 01:50:23,492 ] 136 root - INFO - Target encoded: {' <=50K': np.int64(0), ' >50K': np.int64(1)}
[ 2025-12-21 01:50:23,493 ] 130 root - INFO - Target column is categorical with values: [' <=50K' ' >50K']
[ 2025-12-21 01:50:23,493 ] 131 root - INFO - Encoding categorical target using LabelEncoder
[ 2025-12-21 01:50:23,495 ] 136 root - INFO - Target encoded: {' <=50K': np.int64(0), ' >50K': np.int64(1)}
[ 2025-12-21 01:50:23,497 ] 234 root - INFO - Target encoder saved to artifacts\target_encoder.pkl
