[ 2025-12-20 20:06:46,125 ] 14 visions.backends - INFO - Pandas backend loaded 2.3.3
[ 2025-12-20 20:06:46,134 ] 25 visions.backends - INFO - Numpy backend loaded 2.3.5
[ 2025-12-20 20:06:46,134 ] 37 visions.backends - INFO - Pyspark backend NOT loaded
[ 2025-12-20 20:06:46,135 ] 43 visions.backends - INFO - Python backend loaded
[ 2025-12-20 20:06:47,709 ] 36 root - INFO - FeatureTypeInference initialized with 1025 rows, 14 columns
[ 2025-12-20 20:06:47,733 ] 53 root - INFO - Feature type inference complete. Classified 13 features
[ 2025-12-20 20:06:47,734 ] 49 root - INFO - IssueDetector initialized for dataset with 1025 rows, 14 columns
[ 2025-12-20 20:06:47,734 ] 36 root - INFO - FeatureTypeInference initialized with 1025 rows, 14 columns
[ 2025-12-20 20:06:47,818 ] 53 root - INFO - Feature type inference complete. Classified 13 features
[ 2025-12-20 20:06:47,819 ] 54 root - INFO - Feature types inferred: 13 features classified
[ 2025-12-20 20:06:47,819 ] 34 root - INFO - OutlierDetector initialized with 1025 rows
[ 2025-12-20 20:06:47,819 ] 186 root - INFO - ConstantFeatureDetector initialized (threshold=0.99)
[ 2025-12-20 20:06:47,821 ] 69 root - INFO - Starting comprehensive issue detection...
[ 2025-12-20 20:06:47,821 ] 83 root - INFO - Detecting missing values...
[ 2025-12-20 20:06:47,825 ] 142 root - INFO - No missing values detected
[ 2025-12-20 20:06:47,826 ] 147 root - INFO - Detecting outliers (continuous_numeric features only)...
[ 2025-12-20 20:06:47,831 ] 136 root - INFO - Outlier detection for 'age': 0 outliers (0.00%), severity=low
[ 2025-12-20 20:06:47,838 ] 136 root - INFO - Outlier detection for 'trestbps': 30 outliers (2.93%), severity=medium
[ 2025-12-20 20:06:47,846 ] 136 root - INFO - Outlier detection for 'chol': 16 outliers (1.56%), severity=medium
[ 2025-12-20 20:06:47,853 ] 136 root - INFO - Outlier detection for 'thalach': 4 outliers (0.39%), severity=low
[ 2025-12-20 20:06:47,861 ] 136 root - INFO - Outlier detection for 'oldpeak': 7 outliers (0.68%), severity=low
[ 2025-12-20 20:06:47,861 ] 161 root - INFO - Detected outliers in 4 columns
[ 2025-12-20 20:06:47,861 ] 194 root - INFO - Detected outliers in 4 columns
[ 2025-12-20 20:06:47,862 ] 299 root - INFO - Detecting constant/near-constant features...
[ 2025-12-20 20:06:47,881 ] 266 root - INFO - Detected 0 constant/near-constant features
[ 2025-12-20 20:06:47,882 ] 338 root - INFO - No constant/near-constant features detected
[ 2025-12-20 20:06:47,882 ] 203 root - INFO - Checking for class imbalance...
[ 2025-12-20 20:06:47,884 ] 246 root - INFO - Classes are balanced (imbalance ratio: 1.05:1)
[ 2025-12-20 20:06:47,884 ] 251 root - INFO - Detecting high cardinality features...
[ 2025-12-20 20:06:47,884 ] 294 root - INFO - No high cardinality features detected
[ 2025-12-20 20:06:47,884 ] 77 root - INFO - Issue detection complete. Found 4 issues
[ 2025-12-20 20:06:47,889 ] 42 root - INFO - PreprocessingApplicator initialized with 1025 rows, 14 columns
