[ 2025-12-21 11:17:55,205 ] 36 root - INFO - FeatureTypeInference initialized with 32561 rows, 15 columns
[ 2025-12-21 11:17:55,805 ] 53 root - INFO - Feature type inference complete. Classified 14 features
[ 2025-12-21 11:17:55,806 ] 49 root - INFO - IssueDetector initialized for dataset with 32561 rows, 15 columns
[ 2025-12-21 11:17:55,806 ] 36 root - INFO - FeatureTypeInference initialized with 32561 rows, 15 columns
[ 2025-12-21 11:17:56,276 ] 53 root - INFO - Feature type inference complete. Classified 14 features
[ 2025-12-21 11:17:56,276 ] 54 root - INFO - Feature types inferred: 14 features classified
[ 2025-12-21 11:17:56,277 ] 34 root - INFO - OutlierDetector initialized with 32561 rows
[ 2025-12-21 11:17:56,280 ] 186 root - INFO - ConstantFeatureDetector initialized (threshold=0.99)
[ 2025-12-21 11:17:56,281 ] 69 root - INFO - Starting comprehensive issue detection...
[ 2025-12-21 11:17:56,282 ] 83 root - INFO - Detecting missing values...
[ 2025-12-21 11:17:56,335 ] 140 root - INFO - Found missing values in 3 columns (global: 0.87%)
[ 2025-12-21 11:17:56,335 ] 147 root - INFO - Detecting outliers (continuous_numeric features only)...
[ 2025-12-21 11:17:56,344 ] 136 root - INFO - Outlier detection for 'fnlwgt': 992 outliers (3.05%), severity=medium
[ 2025-12-21 11:17:56,344 ] 161 root - INFO - Detected outliers in 1 columns
[ 2025-12-21 11:17:56,345 ] 194 root - INFO - Detected outliers in 1 columns
[ 2025-12-21 11:17:56,345 ] 299 root - INFO - Detecting constant/near-constant features...
[ 2025-12-21 11:17:56,460 ] 266 root - INFO - Detected 0 constant/near-constant features
[ 2025-12-21 11:17:56,460 ] 338 root - INFO - No constant/near-constant features detected
[ 2025-12-21 11:17:56,460 ] 203 root - INFO - Checking for class imbalance...
[ 2025-12-21 11:17:56,472 ] 244 root - INFO - Detected class imbalance (ratio: 3.15:1, severity: medium)
[ 2025-12-21 11:17:56,473 ] 251 root - INFO - Detecting high cardinality features...
[ 2025-12-21 11:17:56,473 ] 292 root - INFO - Detected high cardinality in 4 features
[ 2025-12-21 11:17:56,473 ] 77 root - INFO - Issue detection complete. Found 9 issues
