[ 2025-12-20 20:07:21,027 ] 14 visions.backends - INFO - Pandas backend loaded 2.3.3
[ 2025-12-20 20:07:21,044 ] 25 visions.backends - INFO - Numpy backend loaded 2.3.5
[ 2025-12-20 20:07:21,045 ] 37 visions.backends - INFO - Pyspark backend NOT loaded
[ 2025-12-20 20:07:21,045 ] 43 visions.backends - INFO - Python backend loaded
[ 2025-12-20 20:07:22,527 ] 36 root - INFO - FeatureTypeInference initialized with 1025 rows, 14 columns
[ 2025-12-20 20:07:22,542 ] 53 root - INFO - Feature type inference complete. Classified 13 features
[ 2025-12-20 20:07:22,543 ] 49 root - INFO - IssueDetector initialized for dataset with 1025 rows, 14 columns
[ 2025-12-20 20:07:22,543 ] 36 root - INFO - FeatureTypeInference initialized with 1025 rows, 14 columns
[ 2025-12-20 20:07:22,556 ] 53 root - INFO - Feature type inference complete. Classified 13 features
[ 2025-12-20 20:07:22,556 ] 54 root - INFO - Feature types inferred: 13 features classified
[ 2025-12-20 20:07:22,556 ] 34 root - INFO - OutlierDetector initialized with 1025 rows
[ 2025-12-20 20:07:22,556 ] 186 root - INFO - ConstantFeatureDetector initialized (threshold=0.99)
[ 2025-12-20 20:07:22,556 ] 69 root - INFO - Starting comprehensive issue detection...
[ 2025-12-20 20:07:22,556 ] 83 root - INFO - Detecting missing values...
[ 2025-12-20 20:07:22,557 ] 142 root - INFO - No missing values detected
[ 2025-12-20 20:07:22,557 ] 147 root - INFO - Detecting outliers (continuous_numeric features only)...
[ 2025-12-20 20:07:22,558 ] 136 root - INFO - Outlier detection for 'age': 0 outliers (0.00%), severity=low
[ 2025-12-20 20:07:22,560 ] 136 root - INFO - Outlier detection for 'trestbps': 30 outliers (2.93%), severity=medium
[ 2025-12-20 20:07:22,562 ] 136 root - INFO - Outlier detection for 'chol': 16 outliers (1.56%), severity=medium
[ 2025-12-20 20:07:22,563 ] 136 root - INFO - Outlier detection for 'thalach': 4 outliers (0.39%), severity=low
[ 2025-12-20 20:07:22,565 ] 136 root - INFO - Outlier detection for 'oldpeak': 7 outliers (0.68%), severity=low
[ 2025-12-20 20:07:22,565 ] 161 root - INFO - Detected outliers in 4 columns
[ 2025-12-20 20:07:22,565 ] 194 root - INFO - Detected outliers in 4 columns
[ 2025-12-20 20:07:22,565 ] 299 root - INFO - Detecting constant/near-constant features...
[ 2025-12-20 20:07:22,570 ] 266 root - INFO - Detected 0 constant/near-constant features
[ 2025-12-20 20:07:22,570 ] 338 root - INFO - No constant/near-constant features detected
[ 2025-12-20 20:07:22,570 ] 203 root - INFO - Checking for class imbalance...
[ 2025-12-20 20:07:22,571 ] 246 root - INFO - Classes are balanced (imbalance ratio: 1.05:1)
[ 2025-12-20 20:07:22,571 ] 251 root - INFO - Detecting high cardinality features...
[ 2025-12-20 20:07:22,571 ] 294 root - INFO - No high cardinality features detected
[ 2025-12-20 20:07:22,571 ] 77 root - INFO - Issue detection complete. Found 4 issues
